开始时间：2023-11-13 10:51:52
总线程数：8

>>>>>>>>>>>>>>>>>>>>>>>>>>>>>>>>>>>>>>>>>>>>>>>>>>>>>>>>>>>>>>>
读取模型数据...
方程编号...
节点数: 42151
单元数: 28644
方程数: 126153
罚系数: 5.04241e+010

>>>>>>>>>>>>>>>>>>>>>>>>>>>>>>>>>>>>>>>>>>>>>>>>>>>>>>>>>>>>>>>
开始第 1 步分析（通用非线性分析）：

输出结果文件...
开始内部迭代：
更新单元温度...
计算应力更新...
组装刚度矩阵...
计算内力...
计算外力...
开始方程求解... 
求解成功完成：）
ITER位移为： 
Max Disp = 5.51473e-005 DOF = 3 NdID = 7560
==================收敛结果判定================== 
StepID = 1, IncrID = 1, AugCount = 1, IterCount = 1
Step Accumulated Time = 1, Increment Time Interval= 1
DispCorrection Norm = 0.00728619  vs DispIncrement Norm = 0.00728619
ReslForce Norm = 0.012464  vs ExternalLoad Norm = 0.012464

开始内部迭代：
更新单元温度...
计算应力更新...
组装刚度矩阵...
计算内力...
计算外力...
==================收敛结果判定================== 
StepID = 1, IncrID = 1, AugCount = 1, IterCount = 2
Step Accumulated Time = 1, Increment Time Interval= 1
ReslForce Norm = 9.22474e-012  vs ExternalLoad Norm = 0.012464

输出结果文件...

==================增量步计算结果==================
是否收敛： 是; 增量步失败次数： 0; IterCount = 2
StepID = 1, IncrID = 1

更新接触单元...

=================Step Summary=================
Step Time: 1 Increment Time: 1

第 1 步分析（通用非线性分析）完成！

>>>>>>>>>>>>>>>>>>>>>>>>>>>>>>>>>>>>>>>>>>>>>>>>>>>>>>>>>>>>>>>
分析全部完成！
计算总耗时:9秒(9,596ms)
